This is pdfTeX, Version 3.14159265-2.6-1.40.21 (MiKTeX 20.12) (preloaded format=pdflatex 2020.12.27)  11 JUN 2021 15:00
entering extended mode
**./projekt1.tex
(projekt1.tex
LaTeX2e <2020-10-01> patch level 2
L3 programming layer <2020-12-07> xparse <2020-03-03>
(C:\Users\piobo\AppData\Local\Programs\MiKTeX\tex/latex/base\article.cls
Document Class: article 2020/04/10 v1.4m Standard LaTeX document class
(C:\Users\piobo\AppData\Local\Programs\MiKTeX\tex/latex/base\size12.clo
File: size12.clo 2020/04/10 v1.4m Standard LaTeX file (size option)
)
\c@part=\count177
\c@section=\count178
\c@subsection=\count179
\c@subsubsection=\count180
\c@paragraph=\count181
\c@subparagraph=\count182
\c@figure=\count183
\c@table=\count184
\abovecaptionskip=\skip47
\belowcaptionskip=\skip48
\bibindent=\dimen138
)
(C:\Users\piobo\AppData\Local\Programs\MiKTeX\tex/latex/geometry\geometry.sty
Package: geometry 2020/01/02 v5.9 Page Geometry

(C:\Users\piobo\AppData\Local\Programs\MiKTeX\tex/latex/graphics\keyval.sty
Package: keyval 2014/10/28 v1.15 key=value parser (DPC)
\KV@toks@=\toks15
)
(C:\Users\piobo\AppData\Local\Programs\MiKTeX\tex/generic/iftex\ifvtex.sty
Package: ifvtex 2019/10/25 v1.7 ifvtex legacy package. Use iftex instead.

(C:\Users\piobo\AppData\Local\Programs\MiKTeX\tex/generic/iftex\iftex.sty
Package: iftex 2020/03/06 v1.0d TeX engine tests
))
\Gm@cnth=\count185
\Gm@cntv=\count186
\c@Gm@tempcnt=\count187
\Gm@bindingoffset=\dimen139
\Gm@wd@mp=\dimen140
\Gm@odd@mp=\dimen141
\Gm@even@mp=\dimen142
\Gm@layoutwidth=\dimen143
\Gm@layoutheight=\dimen144
\Gm@layouthoffset=\dimen145
\Gm@layoutvoffset=\dimen146
\Gm@dimlist=\toks16

(C:\Users\piobo\AppData\Local\Programs\MiKTeX\tex/latex/geometry\geometry.cfg))
(C:\Users\piobo\AppData\Local\Programs\MiKTeX\tex/latex/polski\polski.sty
Package: polski 2017/05/04 v1.3.4 Polish language package

   Switching to Polish text encoding and Polish maths fonts.
(C:\Users\piobo\AppData\Local\Programs\MiKTeX\tex/latex/base\ot4enc.def
File: ot4enc.def 2020/08/10 v2.0s Standard LaTeX file
Now handling font encoding OT4 ...
... no UTF-8 mapping file for font encoding OT4
)
LaTeX Font Info:    Trying to load font information for OT4+cmr on input line 3
60.

(C:\Users\piobo\AppData\Local\Programs\MiKTeX\tex/latex/polski\ot4cmr.fd
File: ot4cmr.fd 2008/02/24 v1.2.1 Font defs for fonts PL (MW)
)
LaTeX Font Info:    Overwriting math alphabet `\mathbf' in version `normal'
(Font)                  OT1/cmr/bx/n --> OT4/cmr/bx/n on input line 360.
LaTeX Font Info:    Overwriting math alphabet `\mathsf' in version `normal'
(Font)                  OT1/cmss/m/n --> OT4/cmss/m/n on input line 360.
LaTeX Font Info:    Overwriting math alphabet `\mathit' in version `normal'
(Font)                  OT1/cmr/m/it --> OT4/cmr/m/it on input line 360.
LaTeX Font Info:    Overwriting math alphabet `\mathtt' in version `normal'
(Font)                  OT1/cmtt/m/n --> OT4/cmtt/m/n on input line 360.
LaTeX Font Info:    Overwriting math alphabet `\mathsf' in version `bold'
(Font)                  OT1/cmss/bx/n --> OT4/cmss/bx/n on input line 360.
LaTeX Font Info:    Overwriting math alphabet `\mathit' in version `bold'
(Font)                  OT1/cmr/bx/it --> OT4/cmr/bx/it on input line 360.
LaTeX Font Info:    Encoding `OT1' has changed to `OT4' for symbol font
(Font)              `operators' in the math version `normal' on input line 360.

LaTeX Font Info:    Overwriting symbol font `operators' in version `normal'
(Font)                  OT1/cmr/m/n --> OT4/cmr/m/n on input line 360.
LaTeX Font Info:    Overwriting symbol font `letters' in version `normal'
(Font)                  OML/cmm/m/it --> OML/plm/m/it on input line 360.
LaTeX Font Info:    Overwriting symbol font `symbols' in version `normal'
(Font)                  OMS/cmsy/m/n --> OMS/plsy/m/n on input line 360.
LaTeX Font Info:    Overwriting symbol font `largesymbols' in version `normal'
(Font)                  OMX/cmex/m/n --> OMX/plex/m/n on input line 360.
LaTeX Font Info:    Encoding `OT1' has changed to `OT4' for symbol font
(Font)              `operators' in the math version `bold' on input line 360.
LaTeX Font Info:    Overwriting symbol font `operators' in version `bold'
(Font)                  OT1/cmr/bx/n --> OT4/cmr/bx/n on input line 360.
LaTeX Font Info:    Overwriting symbol font `letters' in version `bold'
(Font)                  OML/cmm/b/it --> OML/plm/b/it on input line 360.
LaTeX Font Info:    Overwriting symbol font `symbols' in version `bold'
(Font)                  OMS/cmsy/b/n --> OMS/plsy/b/n on input line 360.
)
(C:\Users\piobo\AppData\Local\Programs\MiKTeX\tex/latex/amscls\amsthm.sty
Package: amsthm 2020/05/29 v2.20.6
\thm@style=\toks17
\thm@bodyfont=\toks18
\thm@headfont=\toks19
\thm@notefont=\toks20
\thm@headpunct=\toks21
\thm@preskip=\skip49
\thm@postskip=\skip50
\thm@headsep=\skip51
\dth@everypar=\toks22
)
(C:\Users\piobo\AppData\Local\Programs\MiKTeX\tex/latex/amsfonts\amsfonts.sty
Package: amsfonts 2013/01/14 v3.01 Basic AMSFonts support
\@emptytoks=\toks23
\symAMSa=\mathgroup4
\symAMSb=\mathgroup5
LaTeX Font Info:    Redeclaring math symbol \hbar on input line 98.
LaTeX Font Info:    Overwriting math alphabet `\mathfrak' in version `bold'
(Font)                  U/euf/m/n --> U/euf/b/n on input line 106.
)
(C:\Users\piobo\AppData\Local\Programs\MiKTeX\tex/latex/graphics\graphicx.sty
Package: graphicx 2020/09/09 v1.2b Enhanced LaTeX Graphics (DPC,SPQR)

(C:\Users\piobo\AppData\Local\Programs\MiKTeX\tex/latex/graphics\graphics.sty
Package: graphics 2020/08/30 v1.4c Standard LaTeX Graphics (DPC,SPQR)

(C:\Users\piobo\AppData\Local\Programs\MiKTeX\tex/latex/graphics\trig.sty
Package: trig 2016/01/03 v1.10 sin cos tan (DPC)
)
(C:\Users\piobo\AppData\Local\Programs\MiKTeX\tex/latex/graphics-cfg\graphics.c
fg
File: graphics.cfg 2016/06/04 v1.11 sample graphics configuration
)
Package graphics Info: Driver file: pdftex.def on input line 105.

(C:\Users\piobo\AppData\Local\Programs\MiKTeX\tex/latex/graphics-def\pdftex.def
File: pdftex.def 2020/10/05 v1.2a Graphics/color driver for pdftex
))
\Gin@req@height=\dimen147
\Gin@req@width=\dimen148
) (C:\Users\piobo\AppData\Local\Programs\MiKTeX\tex/latex/float\float.sty
Package: float 2001/11/08 v1.3d Float enhancements (AL)
\c@float@type=\count188
\float@exts=\toks24
\float@box=\box47
\@float@everytoks=\toks25
\@floatcapt=\box48
)
(C:\Users\piobo\AppData\Local\Programs\MiKTeX\tex/latex/mathtools\mathtools.sty
Package: mathtools 2020/03/24 v1.24 mathematical typesetting tools
(C:\Users\piobo\AppData\Local\Programs\MiKTeX\tex/latex/tools\calc.sty
Package: calc 2017/05/25 v4.3 Infix arithmetic (KKT,FJ)
\calc@Acount=\count189
\calc@Bcount=\count190
\calc@Adimen=\dimen149
\calc@Bdimen=\dimen150
\calc@Askip=\skip52
\calc@Bskip=\skip53
LaTeX Info: Redefining \setlength on input line 80.
LaTeX Info: Redefining \addtolength on input line 81.
\calc@Ccount=\count191
\calc@Cskip=\skip54
)
(C:\Users\piobo\AppData\Local\Programs\MiKTeX\tex/latex/mathtools\mhsetup.sty
Package: mhsetup 2017/03/31 v1.3 programming setup (MH)
)
(C:\Users\piobo\AppData\Local\Programs\MiKTeX\tex/latex/amsmath\amsmath.sty
Package: amsmath 2020/09/23 v2.17i AMS math features
\@mathmargin=\skip55

For additional information on amsmath, use the `?' option.
(C:\Users\piobo\AppData\Local\Programs\MiKTeX\tex/latex/amsmath\amstext.sty
Package: amstext 2000/06/29 v2.01 AMS text

(C:\Users\piobo\AppData\Local\Programs\MiKTeX\tex/latex/amsmath\amsgen.sty
File: amsgen.sty 1999/11/30 v2.0 generic functions
\@emptytoks=\toks26
\ex@=\dimen151
))
(C:\Users\piobo\AppData\Local\Programs\MiKTeX\tex/latex/amsmath\amsbsy.sty
Package: amsbsy 1999/11/29 v1.2d Bold Symbols
\pmbraise@=\dimen152
)
(C:\Users\piobo\AppData\Local\Programs\MiKTeX\tex/latex/amsmath\amsopn.sty
Package: amsopn 2016/03/08 v2.02 operator names
)
\inf@bad=\count192
LaTeX Info: Redefining \frac on input line 234.
\uproot@=\count193
\leftroot@=\count194
LaTeX Info: Redefining \overline on input line 399.
\classnum@=\count195
\DOTSCASE@=\count196
LaTeX Info: Redefining \ldots on input line 496.
LaTeX Info: Redefining \dots on input line 499.
LaTeX Info: Redefining \cdots on input line 620.
\Mathstrutbox@=\box49
\strutbox@=\box50
\big@size=\dimen153
LaTeX Font Info:    Redeclaring font encoding OML on input line 743.
LaTeX Font Info:    Redeclaring font encoding OMS on input line 744.
\macc@depth=\count197
\c@MaxMatrixCols=\count198
\dotsspace@=\muskip16
\c@parentequation=\count199
\dspbrk@lvl=\count266
\tag@help=\toks27
\row@=\count267
\column@=\count268
\maxfields@=\count269
\andhelp@=\toks28
\eqnshift@=\dimen154
\alignsep@=\dimen155
\tagshift@=\dimen156
\tagwidth@=\dimen157
\totwidth@=\dimen158
\lineht@=\dimen159
\@envbody=\toks29
\multlinegap=\skip56
\multlinetaggap=\skip57
\mathdisplay@stack=\toks30
LaTeX Info: Redefining \[ on input line 2923.
LaTeX Info: Redefining \] on input line 2924.
)
LaTeX Info: Thecontrolsequence`\('isalreadyrobust on input line 130.
LaTeX Info: Thecontrolsequence`\)'isalreadyrobust on input line 130.
LaTeX Info: Thecontrolsequence`\['isalreadyrobust on input line 130.
LaTeX Info: Thecontrolsequence`\]'isalreadyrobust on input line 130.
\g_MT_multlinerow_int=\count270
\l_MT_multwidth_dim=\dimen160
\origjot=\skip58
\l_MT_shortvdotswithinadjustabove_dim=\dimen161
\l_MT_shortvdotswithinadjustbelow_dim=\dimen162
\l_MT_above_intertext_sep=\dimen163
\l_MT_below_intertext_sep=\dimen164
\l_MT_above_shortintertext_sep=\dimen165
\l_MT_below_shortintertext_sep=\dimen166
\xmathstrut@box=\box51
\xmathstrut@dim=\dimen167
)

Package amsthm Warning: Unknown theoremstyle `twierdzenie' on input line 11.

\c@theorem=\count271
\c@defi=\count272

(C:\Users\piobo\AppData\Local\Programs\MiKTeX\tex/latex/l3backend\l3backend-pdf
tex.def
File: l3backend-pdftex.def 2020-09-24 L3 backend support: PDF output (pdfTeX)
\l__kernel_color_stack_int=\count273
\l__pdf_internal_box=\box52
) (projekt1.aux)
\openout1 = `projekt1.aux'.

LaTeX Font Info:    Checking defaults for OML/cmm/m/it on input line 16.
LaTeX Font Info:    ... okay on input line 16.
LaTeX Font Info:    Checking defaults for OMS/cmsy/m/n on input line 16.
LaTeX Font Info:    ... okay on input line 16.
LaTeX Font Info:    Checking defaults for OT1/cmr/m/n on input line 16.
LaTeX Font Info:    ... okay on input line 16.
LaTeX Font Info:    Checking defaults for T1/cmr/m/n on input line 16.
LaTeX Font Info:    ... okay on input line 16.
LaTeX Font Info:    Checking defaults for TS1/cmr/m/n on input line 16.
LaTeX Font Info:    ... okay on input line 16.
LaTeX Font Info:    Checking defaults for OMX/cmex/m/n on input line 16.
LaTeX Font Info:    ... okay on input line 16.
LaTeX Font Info:    Checking defaults for U/cmr/m/n on input line 16.
LaTeX Font Info:    ... okay on input line 16.
LaTeX Font Info:    Checking defaults for OT4/cmr/m/n on input line 16.
LaTeX Font Info:    ... okay on input line 16.

*geometry* driver: auto-detecting
*geometry* detected driver: pdftex
*geometry* verbose mode - [ preamble ] result:
* driver: pdftex
* paper: <default>
* layout: <same size as paper>
* layoutoffset:(h,v)=(0.0pt,0.0pt)
* modes: 
* h-part:(L,W,R)=(92.14519pt, 430.00462pt, 92.14519pt)
* v-part:(T,H,B)=(95.39737pt, 556.47656pt, 143.09605pt)
* \paperwidth=614.295pt
* \paperheight=794.96999pt
* \textwidth=430.00462pt
* \textheight=556.47656pt
* \oddsidemargin=19.8752pt
* \evensidemargin=19.8752pt
* \topmargin=-13.87262pt
* \headheight=12.0pt
* \headsep=25.0pt
* \topskip=12.0pt
* \footskip=30.0pt
* \marginparwidth=44.0pt
* \marginparsep=10.0pt
* \columnsep=10.0pt
* \skip\footins=10.8pt plus 4.0pt minus 2.0pt
* \hoffset=0.0pt
* \voffset=0.0pt
* \mag=1000
* \@twocolumnfalse
* \@twosidefalse
* \@mparswitchfalse
* \@reversemarginfalse
* (1in=72.27pt=25.4mm, 1cm=28.453pt)


(C:\Users\piobo\AppData\Local\Programs\MiKTeX\tex/context/base/mkii\supp-pdf.mk
ii
[Loading MPS to PDF converter (version 2006.09.02).]
\scratchcounter=\count274
\scratchdimen=\dimen168
\scratchbox=\box53
\nofMPsegments=\count275
\nofMParguments=\count276
\everyMPshowfont=\toks31
\MPscratchCnt=\count277
\MPscratchDim=\dimen169
\MPnumerator=\count278
\makeMPintoPDFobject=\count279
\everyMPtoPDFconversion=\toks32
)
(C:\Users\piobo\AppData\Local\Programs\MiKTeX\tex/latex/epstopdf-pkg\epstopdf-b
ase.sty
Package: epstopdf-base 2020-01-24 v2.11 Base part for package epstopdf

(C:\Users\piobo\AppData\Local\Programs\MiKTeX\tex/generic/infwarerr\infwarerr.s
ty
Package: infwarerr 2019/12/03 v1.5 Providing info/warning/error messages (HO)
) (C:\Users\piobo\AppData\Local\Programs\MiKTeX\tex/latex/grfext\grfext.sty
Package: grfext 2019/12/03 v1.3 Manage graphics extensions (HO)

(C:\Users\piobo\AppData\Local\Programs\MiKTeX\tex/generic/kvdefinekeys\kvdefine
keys.sty
Package: kvdefinekeys 2019-12-19 v1.6 Define keys (HO)
))
(C:\Users\piobo\AppData\Local\Programs\MiKTeX\tex/latex/kvoptions\kvoptions.sty
Package: kvoptions 2020-10-07 v3.14 Key value format for package options (HO)
(C:\Users\piobo\AppData\Local\Programs\MiKTeX\tex/generic/ltxcmds\ltxcmds.sty
Package: ltxcmds 2020-05-10 v1.25 LaTeX kernel commands for general use (HO)
)
(C:\Users\piobo\AppData\Local\Programs\MiKTeX\tex/generic/kvsetkeys\kvsetkeys.s
ty
Package: kvsetkeys 2019/12/15 v1.18 Key value parser (HO)
))
(C:\Users\piobo\AppData\Local\Programs\MiKTeX\tex/generic/pdftexcmds\pdftexcmds
.sty
Package: pdftexcmds 2020-06-27 v0.33 Utility functions of pdfTeX for LuaTeX (HO
)
Package pdftexcmds Info: \pdf@primitive is available.
Package pdftexcmds Info: \pdf@ifprimitive is available.
Package pdftexcmds Info: \pdfdraftmode found.
)
Package epstopdf-base Info: Redefining graphics rule for `.eps' on input line 4
85.
Package grfext Info: Graphics extension search list:
(grfext)             [.pdf,.png,.jpg,.mps,.jpeg,.jbig2,.jb2,.PDF,.PNG,.JPG,.JPE
G,.JBIG2,.JB2,.eps]
(grfext)             \AppendGraphicsExtensions on input line 504.
) (projekt1.toc
LaTeX Font Info:    Trying to load font information for OML+plm on input line 3
.

(C:\Users\piobo\AppData\Local\Programs\MiKTeX\tex/latex/polski\omlplm.fd
File: omlplm.fd 2008/02/24 v1.2.1 Font defs for fonts PL (MW)
)
LaTeX Font Info:    Trying to load font information for OMS+plsy on input line 
3.

(C:\Users\piobo\AppData\Local\Programs\MiKTeX\tex/latex/polski\omsplsy.fd
File: omsplsy.fd 2008/02/24 v1.2.1 Font defs for fonts PL (MW)
)
LaTeX Font Info:    Trying to load font information for OMX+plex on input line 
3.

(C:\Users\piobo\AppData\Local\Programs\MiKTeX\tex/latex/polski\omxplex.fd
File: omxplex.fd 2008/02/24 v1.2.1 Font defs for fonts PL (MW)
)
LaTeX Font Info:    External font `plex10' loaded for size
(Font)              <12> on input line 3.
LaTeX Font Info:    External font `plex10' loaded for size
(Font)              <8> on input line 3.
LaTeX Font Info:    External font `plex10' loaded for size
(Font)              <6> on input line 3.
LaTeX Font Info:    Trying to load font information for U+msa on input line 3.

(C:\Users\piobo\AppData\Local\Programs\MiKTeX\tex/latex/amsfonts\umsa.fd
File: umsa.fd 2013/01/14 v3.01 AMS symbols A
)
LaTeX Font Info:    Trying to load font information for U+msb on input line 3.

(C:\Users\piobo\AppData\Local\Programs\MiKTeX\tex/latex/amsfonts\umsb.fd
File: umsb.fd 2013/01/14 v3.01 AMS symbols B
))
\tf@toc=\write3
\openout3 = `projekt1.toc'.


[1

{C:/Users/piobo/AppData/Local/MiKTeX/pdftex/config/pdftex.map}]

Package amsmath Warning: Foreign command \atopwithdelims;
(amsmath)                \frac or \genfrac should be used instead
(amsmath)                 on input line 43.

[2]
<wykres.png, id=18, 401.5pt x 401.5pt>
File: wykres.png Graphic file (type png)
<use wykres.png>
Package pdftex.def Info: wykres.png  used on input line 62.
(pdftex.def)             Requested size: 321.20042pt x 321.20042pt.


LaTeX Warning: `h' float specifier changed to `ht'.

[3] [4 <./wykres.png (PNG copy)>]
<histN.png, id=25, 401.5pt x 401.5pt>
File: histN.png Graphic file (type png)
<use histN.png>
Package pdftex.def Info: histN.png  used on input line 98.
(pdftex.def)             Requested size: 200.7495pt x 200.7495pt.
<histM.png, id=26, 401.5pt x 401.5pt>
File: histM.png Graphic file (type png)
<use histM.png>
Package pdftex.def Info: histM.png  used on input line 99.
(pdftex.def)             Requested size: 200.7495pt x 200.7495pt.
<histK.png, id=27, 401.5pt x 401.5pt>
File: histK.png Graphic file (type png)
<use histK.png>
Package pdftex.def Info: histK.png  used on input line 100.
(pdftex.def)             Requested size: 200.7495pt x 200.7495pt.
 [5] [6 <./histN.png (PNG copy)> <./histM.png (PNG copy)> <./histK.png (PNG cop
y)>] [7]
<normalnydlaN.png, id=40, 401.5pt x 401.5pt>
File: normalnydlaN.png Graphic file (type png)
<use normalnydlaN.png>
Package pdftex.def Info: normalnydlaN.png  used on input line 132.
(pdftex.def)             Requested size: 200.7495pt x 200.7495pt.
<normalnydlaM.png, id=41, 401.5pt x 401.5pt>
File: normalnydlaM.png Graphic file (type png)
<use normalnydlaM.png>
Package pdftex.def Info: normalnydlaM.png  used on input line 133.
(pdftex.def)             Requested size: 200.7495pt x 200.7495pt.
<normalnydlaK.png, id=42, 401.5pt x 401.5pt>
File: normalnydlaK.png Graphic file (type png)
<use normalnydlaK.png>
Package pdftex.def Info: normalnydlaK.png  used on input line 135.
(pdftex.def)             Requested size: 200.7495pt x 200.7495pt.
 [8 <./normalnydlaN.png (PNG copy)> <./normalnydlaM.png (PNG copy)> <./normalny
dlaK.png (PNG copy)>] [9]
<gammadlaN.png, id=49, 401.5pt x 401.5pt>
File: gammadlaN.png Graphic file (type png)
<use gammadlaN.png>
Package pdftex.def Info: gammadlaN.png  used on input line 167.
(pdftex.def)             Requested size: 200.7495pt x 200.7495pt.
<gammadlaM.png, id=50, 401.5pt x 401.5pt>
File: gammadlaM.png Graphic file (type png)
<use gammadlaM.png>
Package pdftex.def Info: gammadlaM.png  used on input line 168.
(pdftex.def)             Requested size: 200.7495pt x 200.7495pt.
<gammadlaK.png, id=51, 401.5pt x 401.5pt>
File: gammadlaK.png Graphic file (type png)
<use gammadlaK.png>
Package pdftex.def Info: gammadlaK.png  used on input line 170.
(pdftex.def)             Requested size: 200.7495pt x 200.7495pt.
 [10 <./gammadlaN.png (PNG copy)> <./gammadlaM.png (PNG copy)> <./gammadlaK.png
 (PNG copy)>]
<cdfPNPM.png, id=55, 401.5pt x 401.5pt>
File: cdfPNPM.png Graphic file (type png)
<use cdfPNPM.png>
Package pdftex.def Info: cdfPNPM.png  used on input line 189.
(pdftex.def)             Requested size: 200.7495pt x 200.7495pt.
<cdfPNPK.png, id=56, 401.5pt x 401.5pt>
File: cdfPNPK.png Graphic file (type png)
<use cdfPNPK.png>
Package pdftex.def Info: cdfPNPK.png  used on input line 190.
(pdftex.def)             Requested size: 200.7495pt x 200.7495pt.
<cdfPMPK.png, id=57, 401.5pt x 401.5pt>
File: cdfPMPK.png Graphic file (type png)
<use cdfPMPK.png>
Package pdftex.def Info: cdfPMPK.png  used on input line 191.
(pdftex.def)             Requested size: 200.7495pt x 200.7495pt.
[11] [12 <./cdfPNPM.png (PNG copy)> <./cdfPNPK.png (PNG copy)> <./cdfPMPK.png (
PNG copy)>]
LaTeX Font Info:    External font `plex10' loaded for size
(Font)              <14.4> on input line 214.
LaTeX Font Info:    External font `plex10' loaded for size
(Font)              <10> on input line 214.
LaTeX Font Info:    External font `plex10' loaded for size
(Font)              <7> on input line 214.
<tvar2.png, id=66, 401.5pt x 401.5pt>
File: tvar2.png Graphic file (type png)
<use tvar2.png>
Package pdftex.def Info: tvar2.png  used on input line 218.
(pdftex.def)             Requested size: 281.04808pt x 281.04808pt.
 [13] [14 <./tvar2.png (PNG copy)>] [15]
Underfull \hbox (badness 10000) in paragraph at lines 259--261

 []

[16]
<ruina.png, id=80, 401.5pt x 401.5pt>
File: ruina.png Graphic file (type png)
<use ruina.png>
Package pdftex.def Info: ruina.png  used on input line 266.
(pdftex.def)             Requested size: 281.04808pt x 281.04808pt.
 [17 <./ruina.png (PNG copy)>] (projekt1.aux) ) 
Here is how much of TeX's memory you used:
 3932 strings out of 479696
 60057 string characters out of 2867114
 346861 words of memory out of 3000000
 20944 multiletter control sequences out of 15000+200000
 416243 words of font info for 65 fonts, out of 3000000 for 9000
 1141 hyphenation exceptions out of 8191
 78i,8n,85p,468b,283s stack positions out of 5000i,500n,10000p,200000b,50000s
 <C:\Users\piobo\AppData\Local\M
iKTeX\fonts/pk/ljfour/jknappen/ec/dpi600\tcrm1200.pk>{C:/Users/piobo/AppData/Lo
cal/Programs/MiKTeX/fonts/enc/dvips/pl/plit.enc}{C:/Users/piobo/AppData/Local/P
rograms/MiKTeX/fonts/enc/dvips/pl/plrm.enc}{C:/Users/piobo/AppData/Local/Progra
ms/MiKTeX/fonts/enc/dvips/pl/plms.enc}{C:/Users/piobo/AppData/Local/Programs/Mi
KTeX/fonts/enc/dvips/pl/plme.enc}{C:/Users/piobo/AppData/Local/Programs/MiKTeX/
fonts/enc/dvips/pl/plmi.enc}<C:/Users/piobo/AppData/Local/Programs/MiKTeX/fonts
/type1/public/amsfonts/symbols/msbm10.pfb><C:/Users/piobo/AppData/Local/Program
s/MiKTeX/fonts/type1/public/pl/plbx12.pfb><C:/Users/piobo/AppData/Local/Program
s/MiKTeX/fonts/type1/public/pl/plex10.pfb><C:/Users/piobo/AppData/Local/Program
s/MiKTeX/fonts/type1/public/pl/plmi12.pfb><C:/Users/piobo/AppData/Local/Program
s/MiKTeX/fonts/type1/public/pl/plmi6.pfb><C:/Users/piobo/AppData/Local/Programs
/MiKTeX/fonts/type1/public/pl/plmi8.pfb><C:/Users/piobo/AppData/Local/Programs/
MiKTeX/fonts/type1/public/pl/plr12.pfb><C:/Users/piobo/AppData/Local/Programs/M
iKTeX/fonts/type1/public/pl/plr6.pfb><C:/Users/piobo/AppData/Local/Programs/MiK
TeX/fonts/type1/public/pl/plr8.pfb><C:/Users/piobo/AppData/Local/Programs/MiKTe
X/fonts/type1/public/pl/plsy10.pfb><C:/Users/piobo/AppData/Local/Programs/MiKTe
X/fonts/type1/public/pl/plsy6.pfb><C:/Users/piobo/AppData/Local/Programs/MiKTeX
/fonts/type1/public/pl/plsy8.pfb><C:/Users/piobo/AppData/Local/Programs/MiKTeX/
fonts/type1/public/pl/plti12.pfb>
Output written on projekt1.pdf (17 pages, 305032 bytes).
PDF statistics:
 134 PDF objects out of 1000 (max. 8388607)
 0 named destinations out of 1000 (max. 500000)
 76 words of extra memory for PDF output out of 10000 (max. 10000000)

